         w __deregister_frame_info
         w __register_frame_info
         w __syscall_lock_close_recursive
         w userAppExit
         w userAppInit
00000000 00000802 B __ctru_dev_utf16_buf
00000000 b _TLS_MODULE_BASE_
00000000 a shift
00000000 a shift
00000804 00000401 B __ctru_dev_path_buf
00100000 A __start__
00100000 T _start
00100008 T __service_ptr
0010000c T __apt_appid
00100010 T __heap_size
00100014 T __linear_heap_size
00100018 T __system_arglist
0010001c T __system_runflags
00100020 t startup
00100058 t ClearMem
0010006c t ClrLoop
00100094 T _init
001000ac T __aeabi_idiv
001000ac 00000220 T __divsi3
001000b4 t .divsi3_skip_div0_test
001002cc 00000020 T __aeabi_idivmod
001002ec 00000004 W __aeabi_idiv0
001002ec 00000004 W __aeabi_ldiv0
001002f0 T __aeabi_uldivmod
00100348 00000390 T strcmp
001006d0 t .udivsi3_skip_div0_test
001006d0 T __aeabi_uidiv
001006d0 000001ec T __udivsi3
001008bc 00000020 T __aeabi_uidivmod
001008dc T __aeabi_drsub
001008e4 000002b0 T __aeabi_dsub
001008e4 000002b0 T __subdf3
001008e8 000002ac T __adddf3
001008e8 000002ac T __aeabi_dadd
00100b94 00000024 T __aeabi_ui2d
00100b94 00000024 T __floatunsidf
00100bb8 00000028 T __aeabi_i2d
00100bb8 00000028 T __floatsidf
00100be0 00000048 T __aeabi_f2d
00100be0 00000048 T __extendsfdf2
00100c28 00000074 T __aeabi_ul2d
00100c28 00000074 T __floatundidf
00100c3c 00000060 T __aeabi_l2d
00100c3c 00000060 T __floatdidf
00100c9c t __do_global_dtors_aux
00100cdc t frame_dummy
00100d08 00002204 t PlayAnimation.part.0
00102f0c 00001fe4 t AnimationHidden.part.0.isra.0
00104ef0 0000785c T consoleClearAnimation
0010c74c 00000760 T DisplayTerminalMenu
0010ceac 00000f60 T DisplayTerminalText
0010de10 000008ac T main
0010e6bc 000001e8 t parseColor
0010e8a4 00000018 T consoleSelect
0010e8bc 000001ac T consoleDrawChar
0010ea68 00000124 T consolePrintChar
0010eb8c 00000b94 T con_write
0010f720 000000fc t newRow
0010f81c 00000168 T consoleInit
0010f984 000000bc T consoleClear
0010fa40 000000d0 t gfxPresentFramebuffer
0010fb10 0000001c T gfxIsWide
0010fb2c 000000ec T gfxSetScreenFormat
0010fc18 00000010 T gfxSetDoubleBuffering
0010fc28 000000e0 T gfxInit
0010fd08 00000010 T gfxInitDefault
0010fd18 000000b4 T gfxExit
0010fdcc 000000a0 T gfxGetFramebuffer
0010fe6c 00000104 T gfxFlushBuffers
0010ff70 00000050 T gfxSwapBuffers
0010ffc0 00000050 T gfxSwapBuffersGpu
00110010 00000c58 t gspHardwareInit
00110c68 00000248 T gspInit
00110eb0 000000f0 T gspExit
00110fa0 00000010 T gspHasGpuRight
00110fb0 000000a0 T gspPresentBuffer
00111050 00000044 T gspWaitForEvent
00111094 00000004 W gxCmdQueueInterrupt
00111098 00000158 t gspEventThreadMain
001111f0 00000050 T GSPGPU_FlushDataCache
00111240 00000034 T GSPGPU_SetLcdForceBlack
00111274 00000068 T GSPGPU_AcquireRight
001112dc 00000048 T GSPGPU_ReleaseRight
00111324 0000007c T GSPGPU_ImportDisplayCaptureInfo
001113a0 0000002c T GSPGPU_SaveVramSysArea
001113cc 0000002c T GSPGPU_RestoreVramSysArea
001113f8 000001a4 t aptConvertScreenForCapture
0011159c 00000008 W aptDspSleep
001115a4 00000004 W aptDspWakeup
001115a8 00000004 W aptDspCancel
001115ac 00000158 T aptSendCommand
00111708 00000044 t aptExitProcess
0011174c 000003b0 T aptExit
00111afc 000000e0 T aptHandleSleep
00111bdc 0000001c T aptSetMessageCallback
00111bf8 00000084 T APT_SleepIfShellClosed
00111c7c 00000084 T aptSetSleepAllowed
00111d00 00000084 T APT_UnlockTransition
00111d88 000004a4 t aptEventHandler
0011222c 000000b0 T APT_ReceiveParameter
001122dc 000000b0 t aptReceiveParameter.constprop.0
00112390 000002ac t aptScreenTransfer
0011263c 00000344 t aptWaitForWakeUp.isra.0
00112980 0000011c T aptLaunchLibraryApplet
00112aa0 00000100 T aptJumpToHomeMenu
00112ba0 00000048 T aptMainLoop
00112be8 0000022c T aptInit
00112e14 0000005c T APT_SendParameter
00112e70 0000007c T APT_CheckNew3DS
00112eec 00000024 W hidShouldUseIrrst
00112f10 0000018c T hidInit
0011309c 000000e8 T hidExit
00113184 000002a4 T hidScanInput
00113428 00000010 T hidKeysDown
00113438 00000178 t swkbdMessageCallback
001135b0 00000078 T swkbdInit
00113628 00000038 T swkbdSetFeatures
00113660 00000050 T swkbdSetHintText
001136b0 0000006c T swkbdSetButton
0011371c 00000008 T swkbdSetInitialText
00113724 0000009c T swkbdSetDictWord
001137c0 00000014 T swkbdSetDictionary
001137d4 00000030 T swkbdSetStatusData
00113804 00000030 T swkbdSetLearningData
00113834 000003a4 T swkbdInputText
00113bd8 000000e8 T utf16_to_utf8
00113cc0 00000064 T decode_utf16
00113d24 000000c0 T utf8_to_utf16
00113de4 00000038 W __libctru_init
00113e1c 00000170 W __system_initArgv
00113f8c T svcControlMemory
00113fac T svcQueryMemory
00113fdc T svcExitProcess
00113fe4 T svcCreateThread
00114004 T svcExitThread
0011400c T svcSleepThread
00114014 T svcReleaseMutex
0011401c T svcCreateEvent
00114030 T svcSignalEvent
00114038 T svcClearEvent
00114040 T svcCreateMemoryBlock
00114058 T svcMapMemoryBlock
00114060 T svcUnmapMemoryBlock
00114068 T svcCreateAddressArbiter
0011407c T svcArbitrateAddressNoTimeout
00114084 T svcCloseHandle
0011408c T svcWaitSynchronization
00114094 T svcWaitSynchronizationN
001140bc T svcDuplicateHandle
001140d0 T svcConnectToPort
001140e4 T svcSendSyncRequest
001140ec T svcGetResourceLimit
00114100 T svcGetResourceLimitLimitValues
00114108 T svcGetResourceLimitCurrentValues
00114110 T svcBreak
00114118 W initSystem
00114168 W __ctru_exit
00114180 00000024 t addrMapNodeComparator(rbtree_node const*, rbtree_node const*)
001141a4 00000004 t addrMapNodeDestructor(rbtree_node*)
001141a8 00000250 T vramMemAlignAt
001143f8 0000000c T vramAlloc
00114404 00000090 T vramFree
00114494 00000024 t addrMapNodeComparator(rbtree_node const*, rbtree_node const*)
001144b8 00000004 t addrMapNodeDestructor(rbtree_node*)
001144bc 00000120 T linearMemAlign
001145dc 00000008 T linearAlloc
001145e4 0000005c T linearFree
00114640 00000080 T MemPool::CoalesceRight(MemBlock*)
001146c0 0000016c T MemPool::Allocate(MemChunk&, unsigned long, int)
0011482c 000000fc T MemPool::Deallocate(MemChunk const&)
00114928 00000030 T MemPool::GetFreeSpace()
00114958 0000000c T __sync_init
00114964 00000018 T __sync_fini
0011497c 0000002c T syncArbitrateAddress
001149a8 000000b0 T LightLock_Lock
00114a58 00000040 T LightLock_Unlock
00114a98 00000024 T RecursiveLock_Init
00114abc 00000030 T RecursiveLock_Lock
00114aec 00000054 T RecursiveLock_Unlock
00114b40 00000040 T LightEvent_Init
00114b80 000000a4 T LightEvent_Clear
00114c24 000000c8 T LightEvent_Signal
00114cec 00000050 T LightEvent_TryWait
00114d3c 000000b0 T LightEvent_Wait
00114dec 00000034 T __ctru_speedup_config
00114e20 00000130 T srvInit
00114f50 00000058 T srvExit
00114fa8 00000060 T srvEnableNotification
00115008 000000a0 T srvGetServiceHandleDirect
001150a8 00000038 T srvGetServiceHandle
001150e0 00000034 T srvSubscribe
00115114 00000060 T srvReceiveNotification
00115174 00000038 T srvPublishToSubscriber
001151ac 000001d0 T threadCreate
0011537c 0000002c T threadFree
001153a8 00000024 T threadJoin
001153cc 00000030 T threadGetCurrent
001153fc 00000040 T threadExit
0011543c 00000020 t _thread_begin
0011545c 000000b4 t mappableFindAddressWithin
00115510 00000028 T mappableInit
00115538 00000080 T mappableAlloc
001155b8 00000004 T mappableFree
001155bc 00000164 T irrstInit
00115720 000000cc T irrstExit
001157ec 000000b4 T irrstScanInput
001158a0 00000024 T irrstKeysHeld
001158c4 0000000c T srvPmGetSessionHandle
001158d0 00000074 T ptmSysmInit
00115944 0000003c T ptmSysmExit
00115980 00000034 T PTMSYSM_ConfigureNew3DSCPU
001159b4 00000010 T rbtree_init
001159c4 000001b4 t do_insert
00115b78 00000008 T rbtree_insert
00115b80 00000090 T rbtree_rotate
00115c10 00000318 T rbtree_remove
00115f28 00000074 T rbtree_find
00115f9c 00000054 T encode_utf16
00115ff0 000000e0 T encode_utf8
001160d0 0000013c T decode_utf8
0011620c 00000030 W __appInit
0011623c 00000030 T __syscall_getreent
0011626c 00000004 T __syscall_lock_acquire
00116270 00000004 T __syscall_lock_release
00116274 00000004 T __syscall_lock_init_recursive
00116278 00000004 T __syscall_lock_acquire_recursive
0011627c 00000004 T __syscall_lock_release_recursive
00116280 00000004 T __syscall_exit
00116284 00000050 T initThreadVars
001162d4 00000080 T __system_initSyscalls
00116358 000001e0 W __system_allocateHeaps
00116538 00000030 W __appExit
00116568 00000090 W __libctru_exit
001165f8 00000084 W envGetHandle
0011667c 00000050 W envDestroyHandles
001166cc 00000014 t archive_link
001166e0 00000014 t archive_dirreset
001166f4 00000014 t archive_chmod
00116708 00000024 t error_cmp
0011672c 00000050 t archive_translate_error
0011677c 000000c8 t archive_seek
00116844 0000007c t _archiveInit.part.0
001168c0 000000c4 t archiveFindDevice.part.0
00116984 0000025c t archive_utf16path
00116be0 000000a0 t _archiveUnmountDeviceStruct.part.0
00116c80 00000014 t archive_fchmod
00116c94 00000014 t archive_statvfs
00116ca8 00000164 t _archiveMountDevice
00116e0c 000000e8 t archive_diropen
00116ef4 000000a4 t archive_fstat
00116f98 0000006c t archive_close
00117004 0000006c t archive_fsync
00117070 00000070 t archive_dirclose
001170e0 000000e8 t sdmc_statvfs
001171c8 000000ec t archive_chdir
001172b4 0000007c t archive_ftruncate
00117330 000000ac t archive_read
001173dc 000000a4 t archive_unlink
00117480 000000bc t archive_rmdir
0011753c 000000dc t archive_mkdir
00117618 0000019c t archive_stat
001177b4 0000015c t archive_dirnext
00117910 000000ec t archive_write
001179fc 000001d4 t archive_open
00117bd0 00000278 t archive_rename
00117e48 0000019c T archiveMountSdmc
00117fe4 00000054 T archiveUnmountAll
00118038 000000cc T fsInit
00118104 0000003c T fsExit
00118140 00000060 T fsExemptFromSession
001181a0 00000050 T fsUnexemptFromSession
001181f0 000000cc T FSUSER_OpenFile
001182bc 000000bc T FSUSER_DeleteFile
00118378 000000f8 T FSUSER_RenameFile
00118470 000000bc T FSUSER_DeleteDirectory
0011852c 000000d4 T FSUSER_CreateFile
00118600 000000c4 T FSUSER_CreateDirectory
001186c4 000000f8 T FSUSER_RenameDirectory
001187bc 000000b4 T FSUSER_OpenDirectory
00118870 00000098 T FSUSER_OpenArchive
00118908 0000008c T FSUSER_CloseArchive
00118994 00000074 T FSUSER_GetSdmcArchiveResource
00118a08 00000064 T FSUSER_IsSdmcWritable
00118a6c 00000058 T FSFILE_Read
00118ac4 00000060 T FSFILE_Write
00118b24 0000003c T FSFILE_GetSize
00118b60 00000028 T FSFILE_SetSize
00118b88 0000003c T FSFILE_Close
00118bc4 00000024 T FSFILE_Flush
00118be8 00000050 T FSDIR_Read
00118c38 0000003c T FSDIR_Close
00118c74 0000005c T rbtree_node_next
00118cd0 T __aeabi_read_tp
00118cdc 00000120 T __udivmoddi4
00118dfc 00000078 T bsearch
00118e74 0000000c T __errno
00118e80 00000034 T exit
00118eb4 00000234 T __sflush_r
001190e8 00000094 T _fflush_r
0011917c 0000000c T _cleanup_r
00119188 00000184 T __sinit
0011930c 0000000c T __sfp_lock_acquire
00119318 0000000c T __sfp_lock_release
00119324 0000003c T __libc_fini_array
00119360 000000f8 T _malloc_trim_r
00119458 000002e8 T _free_r
00119740 00000070 T _fwalk_reent
001197b0 00000084 T __libc_init_array
00119834 00000020 T memalign
00119854 0000014c T _memalign_r
001199a0 00000018 T malloc
001199b8 00000018 T free
001199d0 000007e4 T _malloc_r
0011a1b4 000000e4 T memchr
0011a298 00000118 T memcpy
0011a3b0 000000f4 T memset
0011a4a4 0000000c T __malloc_lock
0011a4b0 0000000c T __malloc_unlock
0011a4bc 00000034 T printf
0011a4f0 0000001c T putchar
0011a50c 000000dc T _putc_r
0011a5e8 000000e0 T _puts_r
0011a6c8 00000018 T puts
0011a6e0 0000025c T setvbuf
0011a93c 00000074 T sscanf
0011a9b0 00000044 T __sread
0011a9f4 00000008 T __seofread
0011a9fc 00000068 T __swrite
0011aa64 00000044 T __sseek
0011aaa8 00000008 T __sclose
0011aab0 0000005c T strlen
0011ab0c 000000e4 T strncat
0011abf0 000000e4 T strncmp
0011acd4 000000c4 T strncpy
0011ad98 00000048 T strnlen
0011ade0 000001c4 t _strtoul_l.constprop.0
0011afa4 00000004 T _strtoul_r
0011afa8 00000028 T strtoul
0011afd0 00000050 t get_arg
0011b020 00002c38 T __ssvfscanf_r
0011dc58 0000066c t get_arg
0011e2c8 0000339c T _vfprintf_r
00121664 000000d0 t __sbprintf
00121734 00000108 T __swbuf_r
0012183c 00000054 T _wcrtomb_r
00121890 00000028 T _wcsrtombs_r
001218b8 0000013c T __swsetup_r
001219f4 00000114 T __call_exitprocs
00121b08 000001b0 t quorem
00121cb8 000011f8 T _dtoa_r
00122eb0 0000015c T _fclose_r
0012300c 000004b4 T __sfvwrite_r
001234c0 00000008 T iswspace
001234c8 0000000c T _localeconv_r
001234d4 00000010 T __locale_mb_cur_max
001234e4 00000138 T __smakebuf_r
0012361c 0000008c T __swhatbuf_r
001236a8 00000068 T _mbrtowc_r
00123710 000002f8 T __utf8_mbtowc
00123a08 00000150 T memmove
00123b58 00000088 T _Balloc
00123be0 0000001c T _Bfree
00123bfc 000000f4 T __multadd
00123cf0 00000110 T __s2b
00123e00 00000060 T __hi0bits
00123e60 0000009c T __lo0bits
00123efc 000000a8 T __i2b
00123fa4 00000204 T __multiply
001241a8 00000124 T __pow5mult
001242cc 00000140 T __lshift
0012440c 00000058 T __mcmp
00124464 000001ec T __mdiff
00124650 00000068 T __ulp
001246b8 000000d0 T __b2d
00124788 00000120 T __d2b
001248a8 00000078 T __ratio
00124920 00000088 T __copybits
001249a8 0000005c T __any_on
00124a04 00000020 T realloc
00124a24 000004a0 T _realloc_r
00124ec4 000000f4 T __sccl
00124fb8 0000000c T nanf
00124fc8 00000088 T frexp
00125050 00000064 T sprintf
001250b4 000000cc T stpncpy
00125180 00000130 T strchr
001252b0 00000064 t sulp
00125318 000013a8 T _strtod_l
001266c0 0000000c T _strtod_r
001266cc 0000022c t _strtoll_l.constprop.0
001268f8 00000004 T _strtoll_r
001268fc 000001a4 t _strtol_l.part.0
00126aa0 0000003c T _strtol_r
00126adc 00000244 t _strtoull_l.constprop.0
00126d20 00000004 T _strtoull_r
00126d24 00000188 T __ssprint_r
00126eac 000000d4 T _sungetc_r
00126f80 0000006c T __ssrefill_r
00126fec 000000c4 T _sfread_r
001270b0 0000066c t get_arg
00127720 00003334 T _svfprintf_r
0012aa54 000000a8 T __submore
0012aafc 0000066c t get_arg
0012b168 00000030 T __sprint_r
0012b198 000022ec T _vfiprintf_r
0012d484 000000d0 t __sbprintf
0012d554 00000188 T _wcsnrtombs_l
0012d6dc 0000004c T _wcsnrtombs_r
0012d728 000000f0 T __utf8_wctomb
0012d818 0000005c T __assert_func
0012d874 000000c0 T _calloc_r
0012d934 0000003c T fiprintf
0012d970 000000f0 t rshift
0012da60 00000814 T __gethex
0012e274 0000004c T __match
0012e2c0 0000029c T __hexnan
0012e55c 0000003c T iswspace_l
0012e598 000001d8 t __jp2uc
0012e770 0000009c T _jp2uc_l
0012e810 00000010 T nan
0012e820 00000014 T abort
0012e834 0000008c T category
0012e8c0 00000090 T _raise_r
0012e950 00000018 T raise
0012e968 00000008 t null_write
0012e970 00000018 T setDefaultDevice
0012e988 000000c8 T FindDevice
0012ea50 00000028 T RemoveDevice
0012ea78 0000009c T AddDevice
0012eb14 00000020 T GetDeviceOpTab
0012eb34 00000078 T _fstat_r
0012ebac 00000014 T _getpid_r
0012ebc0 00000008 T _isatty_r
0012ebc8 00000014 T _kill_r
0012ebdc 00000084 T _lseek_r
0012ec60 00000080 T _read_r
0012ece0 00000078 T _sbrk_r
0012ed58 00000080 T _write_r
0012edd8 00000020 T _exit
0012edf8 000001a4 T _concatenate_path
0012ef9c 00000140 T chdir
0012f0dc 00000008 T __flockfile
0012f0e4 00000008 T __funlockfile
0012f0ec 0000003c T __get_handle
0012f128 000000f4 T _close_r
0012f21c 0000002c T __getreent
0012f248 0000001c T __libc_lock_acquire
0012f264 0000001c T __libc_lock_release
0012f280 0000001c T __libc_lock_init_recursive
0012f29c 0000001c T __libc_lock_acquire_recursive
0012f2b8 0000001c T __libc_lock_release_recursive
0012f2d4 0000001c T __libc_lock_close_recursive
0012f2f0 00000038 T __aeabi_d2lz
0012f2f0 00000038 T __fixdfdi
0012f328 00000040 T __aeabi_d2ulz
0012f328 00000040 T __fixunsdfdi
0012f368 00000048 T strrchr
0012f3b0 T _fini
00132934 r .LC202
00132ce0 r .LC249
00132f30 00000070 r dotab_stdout
00132fa0 00000018 r grayScale
00132fb8 00000006 r colorCube
00132fc0 00000030 r colorTable
00133014 00000008 r morton_y.2
0013301c 00000008 r morton_x.3
00133024 00000008 r s_sleepWakeEvents.4
00133044 00000014 r swkbdFeatures
00133064 R default_font_bin
00133864 R default_font_bin_end
00133894 00000030 r error_table
001338cc 00000070 r archive_devoptab
00133944 00000004 R _global_impure_ptr
00133950 00000022 r basefix.0
001339b0 00000010 r zeroes.0
001339c0 00000010 r blanks.1
001339d0 00000101 R _ctype_
00133ae4 r .LC2
00133bd4 0000000c r p05.0
00133be0 00000028 R __mprec_bigtens
00133c08 000000c8 R __mprec_tens
00133ce0 00000014 r fpinan.0
00133cf4 00000014 r fpi.1
00133d08 00000028 r tinytens
00133d30 0000006c R __action_table
00133d9c 0000006c R __state_table
00133e08 00000100 R __chclass
00133f08 00000010 r zeroes.0
00133f18 00000010 r blanks.1
00133f28 00000010 r zeroes.0
00133f38 00000010 r blanks.1
00133fd8 00000100 R __hexdig
001340ec 00001a7c r d02f4
00135b68 0000172a r b02cf
00137294 00000040 r a8
001372d4 000000a2 r a7
00137378 00000070 r a6
001373e8 0000005b r a3
00137444 000000bc r a2
00137500 000000bc r a1
001375bc 00003528 r categories
0013aae4 00000070 R dotab_stdnull
0013ab54 R __tdata_align
0013ab58 r 
0013ab58 R __exidx_end
0013ab58 R __exidx_start
0013b000 00000004 D frameBreak
0013b004 00000004 D terminalPrintDelay
0013b008 00000004 D textPrintDelay
0013b00c 00000001 D str1
0013b00d 00000001 d firstConsoleInit.0
0013b010 00000004 D currentConsole
0013b014 00000048 D defaultConsole
0013b05c 00000004 d kCount
0013b060 00000004 d kInterval
0013b064 00000004 d kDelay
0013b068 W __stacksize__
0013b06c 00000004 D _impure_ptr
0013b070 00000460 d impure_data
0013b4d0 00000004 D __malloc_sbrk_base
0013b4d4 00000004 D __malloc_trim_threshold
0013b4d8 00000408 D __malloc_av_
0013b8e0 0000016c D __global_locale
0013ba4c 0000008c D devoptab_list
0013bad8 00000004 d defaultDevice
0013badc 00000400 d _current_working_directory
0013bedc 00001000 d handles
0013cedc 0000000c d __stderr_handle
0013cee8 0000000c d __stdout_handle
0013cef4 0000000c d __stdin_handle
0013cf08 d _GLOBAL_OFFSET_TABLE_
0013cf14 d __frame_dummy_init_array_entry
0013cf14 D __init_array_start
0013cf14 B __preinit_array_end
0013cf14 B __preinit_array_start
0013cf14 D __tdata_lma
0013cf14 D __tdata_lma_end
0013cf18 d __do_global_dtors_aux_fini_array_entry
0013cf18 D __fini_array_start
0013cf18 D __init_array_end
0013cf1c D __bss_start__
0013cf1c D __fini_array_end
0013cf1c 00000400 b swkbd.4
0013d31c 000000c8 b mybuf.3
0013d3e4 00000001 b reload.2
0013d3e8 00000044 b swkbdStatus.1
0013d42c 0000a46c b swkbdLearning.0
00147898 b completed.1
0014789c b object.0
001478b4 00000048 B currentCopy
001478fc 00000004 b screenAlloc
00147900 00000004 b screenFree
00147904 00000002 b gfxIsDoubleBuf
00147908 00000002 b gfxCurBuf
0014790a 00000001 b gfxIsVram
0014790b 00000001 b gfxTopMode
0014790c 00000002 b gfxFramebufferFormats
00147910 00000004 b gfxBottomFramebufferMaxSize
00147914 00000004 b gfxTopFramebufferMaxSize
00147918 00000008 b gfxBottomFramebuffers
00147920 00000008 b gfxTopFramebuffers
00147928 00000007 b gspEventCbOneShot
00147930 0000001c b gspEventCbData
0014794c 0000001c b gspEventCb
00147968 00000038 b gspEvents
001479a0 00000004 b gspLastEvent
001479a4 00000001 b gspRunEvents
001479a8 00000004 b gspEventThread
001479ac 00000004 b gspEvent
001479b0 00000001 b gspGpuRight
001479b1 00000001 b gspThreadId
001479b4 00000004 b gspSharedMem
001479b8 00000004 b gspSharedMemHandle
001479bc 00000004 b gspRefCount
001479c0 00000004 b gspGpuHandle
001479c4 00000001 b flagValue.0
001479c5 00000001 b flagInit.1
001479c8 00000004 b serviceName.6
001479cc 00000001 b aptChainloadMediatype
001479d0 00000008 b aptChainloadTid
001479d8 00000001 b aptChainloadFlags
001479dc 00001000 b aptParameters
001489dc 00000004 b aptFlags
001489e0 00000001 b aptHomeButtonState
001489e4 00000004 b aptMessageFuncData
001489e8 00000004 b aptMessageFunc
001489ec 0000000c b aptFirstHook
001489f8 00000001 b aptEventHandlerThreadQuit
001489fc 00000004 b aptEventHandlerThread
00148a00 00000008 b aptSleepEvent
00148a08 00000008 b aptReceiveEvent
00148a10 00000008 b aptEvents
00148a18 00000004 b aptLockHandle
00148a1c 00000004 b aptRefCount
00148a20 00000001 b usingIrrst
00148a24 00000004 b hidRefCount
00148a28 00000006 b gRate
00148a30 00000006 b aVec
00148a38 00000004 b cPos
00148a3c 00000004 b tPos
00148a40 00000004 b kRepeat
00148a44 00000004 b kUp
00148a48 00000004 b kDown
00148a4c 00000004 b kHeld
00148a50 00000004 b kOld
00148a54 00000004 B hidSharedMem
00148a58 00000014 B hidEvents
00148a6c 00000004 B hidMemHandle
00148a70 00000004 B hidHandle
00148a74 00000004 b swkbdSharedMemHandle
00148a78 00000004 b swkbdSharedMem
00148a7c 00000004 B __system_retAddr
00148a80 00000004 B __system_argv
00148a84 00000004 B __system_argc
00148a88 b saved_stack
00148a90 00000008 b sVramPoolB
00148a98 00000008 b sVramPoolA
00148aa0 0000000c b sAddrMap
00148ab0 00000008 b sLinearPool
00148ab8 0000000c b sAddrMap
00148ac4 00000004 b arbiter
00148ac8 00000001 V __ctru_speedup
00148acc 00000004 B __3dslink_host
00148ad0 00000004 b srvRefCount
00148ad4 00000004 b srvHandle
00148ad8 00000004 b currentAddr
00148adc 00000004 b maxAddr
00148ae0 00000004 b minAddr
00148ae4 00000004 b irrstRefCount
00148ae8 00000004 b csPos
00148aec 00000004 b kHeld
00148af0 00000004 B irrstSharedMem
00148af4 00000004 B irrstEvent
00148af8 00000004 B irrstMemHandle
00148afc 00000004 B irrstHandle
00148b00 00000004 b srvPmHandle
00148b04 00000004 b ptmSysmRefCount
00148b08 00000004 b ptmSysmHandle
00148b0c 00000004 V __ctru_linear_heap_size
00148b10 00000004 V __ctru_heap_size
00148b14 00000004 B __ctru_linear_heap
00148b18 00000004 B __ctru_heap
00148b20 00000540 b archive_devices
00149060 00000004 b archive_device_cwd
00149064 00000001 b archive_initialized
00149068 00000080 b fsExemptArchives
001490e8 00000004 b fsuRefCount
001490ec 00000004 b fsuHandle
001490f0 0000000c b __sinit_recursive_mutex
001490fc 0000000c b __sfp_recursive_mutex
00149108 00000028 B __malloc_current_mallinfo
00149130 00000004 B __malloc_max_total_mem
00149134 00000004 B __malloc_max_sbrked_mem
00149138 00000004 B __malloc_top_pad
0014913c 0000000c b __malloc_recursive_mutex
00149148 0000000c B __atexit_recursive_mutex
00149154 00000004 b heap_start.0
00149158 00000004 B fake_heap_start
0014915c 00000004 B fake_heap_end
00149160 00000400 b temp_cwd
00149560 00000004 b __hndl_lock
00149564 B __tls_start
0014a16c B __bss_end__
0014a16c A __end__
0014a16c B __tls_end
